生成启动时间为 2017-10-28 12:01:26。
     1>项目“D:\jarvis\cef__\libcef_dll_wrapper\libcef_dll_wrapper.vcxproj”在节点 2 上(Build 个目标)。
     1>C:\Program Files\MSBuild\Microsoft.Cpp\v4.0\V120\Microsoft.CppBuild.targets(357,5): warning MSB8004: Output Directory does not end with a trailing slash.  This build instance will add the slash as it is required to allow proper evaluation of the Output Directory.
     1>Lib:
         C:\Program Files\Microsoft Visual Studio 12.0\VC\bin\Lib.exe /OUT:"..\Output\Debug\lib\libcef_dll_wrapper.lib" /NOLOGO  /machine:X86 libcef_dll_wrapper.dir\Debug\cef_atomicops_x86_gcc.obj
         libcef_dll_wrapper.dir\Debug\cef_bind_helpers.obj
         libcef_dll_wrapper.dir\Debug\cef_callback_helpers.obj
         libcef_dll_wrapper.dir\Debug\cef_callback_internal.obj
         libcef_dll_wrapper.dir\Debug\cef_lock.obj
         libcef_dll_wrapper.dir\Debug\cef_lock_impl.obj
         libcef_dll_wrapper.dir\Debug\cef_logging.obj
         libcef_dll_wrapper.dir\Debug\cef_ref_counted.obj
         libcef_dll_wrapper.dir\Debug\cef_string16.obj
         libcef_dll_wrapper.dir\Debug\cef_thread_checker_impl.obj
         libcef_dll_wrapper.dir\Debug\cef_thread_collision_warner.obj
         libcef_dll_wrapper.dir\Debug\cef_weak_ptr.obj
         libcef_dll_wrapper.dir\Debug\accessibility_handler_cpptoc.obj
         libcef_dll_wrapper.dir\Debug\app_cpptoc.obj
         libcef_dll_wrapper.dir\Debug\base_ref_counted_cpptoc.obj
         libcef_dll_wrapper.dir\Debug\base_scoped_cpptoc.obj
         libcef_dll_wrapper.dir\Debug\browser_process_handler_cpptoc.obj
         libcef_dll_wrapper.dir\Debug\client_cpptoc.obj
         libcef_dll_wrapper.dir\Debug\completion_callback_cpptoc.obj
         libcef_dll_wrapper.dir\Debug\context_menu_handler_cpptoc.obj
         libcef_dll_wrapper.dir\Debug\cookie_visitor_cpptoc.obj
         libcef_dll_wrapper.dir\Debug\delete_cookies_callback_cpptoc.obj
         libcef_dll_wrapper.dir\Debug\dialog_handler_cpptoc.obj
         libcef_dll_wrapper.dir\Debug\display_handler_cpptoc.obj
         libcef_dll_wrapper.dir\Debug\domvisitor_cpptoc.obj
         libcef_dll_wrapper.dir\Debug\download_handler_cpptoc.obj
         libcef_dll_wrapper.dir\Debug\download_image_callback_cpptoc.obj
         libcef_dll_wrapper.dir\Debug\drag_handler_cpptoc.obj
         libcef_dll_wrapper.dir\Debug\end_tracing_callback_cpptoc.obj
         libcef_dll_wrapper.dir\Debug\find_handler_cpptoc.obj
         libcef_dll_wrapper.dir\Debug\focus_handler_cpptoc.obj
         libcef_dll_wrapper.dir\Debug\geolocation_handler_cpptoc.obj
         libcef_dll_wrapper.dir\Debug\get_geolocation_callback_cpptoc.obj
         libcef_dll_wrapper.dir\Debug\jsdialog_handler_cpptoc.obj
         libcef_dll_wrapper.dir\Debug\keyboard_handler_cpptoc.obj
         libcef_dll_wrapper.dir\Debug\life_span_handler_cpptoc.obj
         libcef_dll_wrapper.dir\Debug\load_handler_cpptoc.obj
         libcef_dll_wrapper.dir\Debug\menu_model_delegate_cpptoc.obj
         libcef_dll_wrapper.dir\Debug\navigation_entry_visitor_cpptoc.obj
         libcef_dll_wrapper.dir\Debug\pdf_print_callback_cpptoc.obj
         libcef_dll_wrapper.dir\Debug\print_handler_cpptoc.obj
         libcef_dll_wrapper.dir\Debug\read_handler_cpptoc.obj
         libcef_dll_wrapper.dir\Debug\register_cdm_callback_cpptoc.obj
         libcef_dll_wrapper.dir\Debug\render_handler_cpptoc.obj
         libcef_dll_wrapper.dir\Debug\render_process_handler_cpptoc.obj
         libcef_dll_wrapper.dir\Debug\request_context_handler_cpptoc.obj
         libcef_dll_wrapper.dir\Debug\request_handler_cpptoc.obj
         libcef_dll_wrapper.dir\Debug\resolve_callback_cpptoc.obj
         libcef_dll_wrapper.dir\Debug\resource_bundle_handler_cpptoc.obj
         libcef_dll_wrapper.dir\Debug\resource_handler_cpptoc.obj
         libcef_dll_wrapper.dir\Debug\response_filter_cpptoc.obj
         libcef_dll_wrapper.dir\Debug\run_file_dialog_callback_cpptoc.obj
         libcef_dll_wrapper.dir\Debug\scheme_handler_factory_cpptoc.obj
         libcef_dll_wrapper.dir\Debug\set_cookie_callback_cpptoc.obj
         libcef_dll_wrapper.dir\Debug\string_visitor_cpptoc.obj
         libcef_dll_wrapper.dir\Debug\task_cpptoc.obj
         libcef_dll_wrapper.dir\Debug\translator_test_ref_ptr_client_child_cpptoc.obj
         libcef_dll_wrapper.dir\Debug\translator_test_ref_ptr_client_cpptoc.obj
         libcef_dll_wrapper.dir\Debug\translator_test_scoped_client_child_cpptoc.obj
         libcef_dll_wrapper.dir\Debug\translator_test_scoped_client_cpptoc.obj
         libcef_dll_wrapper.dir\Debug\urlrequest_client_cpptoc.obj
         libcef_dll_wrapper.dir\Debug\v8accessor_cpptoc.obj
         libcef_dll_wrapper.dir\Debug\v8handler_cpptoc.obj
         libcef_dll_wrapper.dir\Debug\v8interceptor_cpptoc.obj
         libcef_dll_wrapper.dir\Debug\browser_view_delegate_cpptoc.obj
         libcef_dll_wrapper.dir\Debug\button_delegate_cpptoc.obj
         libcef_dll_wrapper.dir\Debug\menu_button_delegate_cpptoc.obj
         libcef_dll_wrapper.dir\Debug\panel_delegate_cpptoc.obj
         libcef_dll_wrapper.dir\Debug\textfield_delegate_cpptoc.obj
         libcef_dll_wrapper.dir\Debug\view_delegate_cpptoc.obj
         libcef_dll_wrapper.dir\Debug\window_delegate_cpptoc.obj
         libcef_dll_wrapper.dir\Debug\web_plugin_info_visitor_cpptoc.obj
         libcef_dll_wrapper.dir\Debug\web_plugin_unstable_callback_cpptoc.obj
         libcef_dll_wrapper.dir\Debug\write_handler_cpptoc.obj
         libcef_dll_wrapper.dir\Debug\auth_callback_ctocpp.obj
         libcef_dll_wrapper.dir\Debug\before_download_callback_ctocpp.obj
         libcef_dll_wrapper.dir\Debug\binary_value_ctocpp.obj
         libcef_dll_wrapper.dir\Debug\browser_ctocpp.obj
         libcef_dll_wrapper.dir\Debug\browser_host_ctocpp.obj
         libcef_dll_wrapper.dir\Debug\callback_ctocpp.obj
         libcef_dll_wrapper.dir\Debug\command_line_ctocpp.obj
         libcef_dll_wrapper.dir\Debug\context_menu_params_ctocpp.obj
         libcef_dll_wrapper.dir\Debug\cookie_manager_ctocpp.obj
         libcef_dll_wrapper.dir\Debug\dictionary_value_ctocpp.obj
         libcef_dll_wrapper.dir\Debug\domdocument_ctocpp.obj
         libcef_dll_wrapper.dir\Debug\domnode_ctocpp.obj
         libcef_dll_wrapper.dir\Debug\download_item_callback_ctocpp.obj
         libcef_dll_wrapper.dir\Debug\download_item_ctocpp.obj
         libcef_dll_wrapper.dir\Debug\drag_data_ctocpp.obj
         libcef_dll_wrapper.dir\Debug\file_dialog_callback_ctocpp.obj
         libcef_dll_wrapper.dir\Debug\frame_ctocpp.obj
         libcef_dll_wrapper.dir\Debug\geolocation_callback_ctocpp.obj
         libcef_dll_wrapper.dir\Debug\image_ctocpp.obj
         libcef_dll_wrapper.dir\Debug\jsdialog_callback_ctocpp.obj
         libcef_dll_wrapper.dir\Debug\list_value_ctocpp.obj
         libcef_dll_wrapper.dir\Debug\menu_model_ctocpp.obj
         libcef_dll_wrapper.dir\Debug\navigation_entry_ctocpp.obj
         libcef_dll_wrapper.dir\Debug\post_data_ctocpp.obj
         libcef_dll_wrapper.dir\Debug\post_data_element_ctocpp.obj
         libcef_dll_wrapper.dir\Debug\print_dialog_callback_ctocpp.obj
         libcef_dll_wrapper.dir\Debug\print_job_callback_ctocpp.obj
         libcef_dll_wrapper.dir\Debug\print_settings_ctocpp.obj
         libcef_dll_wrapper.dir\Debug\process_message_ctocpp.obj
         libcef_dll_wrapper.dir\Debug\request_callback_ctocpp.obj
         libcef_dll_wrapper.dir\Debug\request_context_ctocpp.obj
         libcef_dll_wrapper.dir\Debug\request_ctocpp.obj
         libcef_dll_wrapper.dir\Debug\resource_bundle_ctocpp.obj
         libcef_dll_wrapper.dir\Debug\response_ctocpp.obj
         libcef_dll_wrapper.dir\Debug\run_context_menu_callback_ctocpp.obj
         libcef_dll_wrapper.dir\Debug\scheme_registrar_ctocpp.obj
         libcef_dll_wrapper.dir\Debug\select_client_certificate_callback_ctocpp.obj
         libcef_dll_wrapper.dir\Debug\sslinfo_ctocpp.obj
         libcef_dll_wrapper.dir\Debug\sslstatus_ctocpp.obj
         libcef_dll_wrapper.dir\Debug\stream_reader_ctocpp.obj
         libcef_dll_wrapper.dir\Debug\stream_writer_ctocpp.obj
         libcef_dll_wrapper.dir\Debug\task_runner_ctocpp.obj
         libcef_dll_wrapper.dir\Debug\translator_test_ctocpp.obj
         libcef_dll_wrapper.dir\Debug\translator_test_ref_ptr_library_child_child_ctocpp.obj
         libcef_dll_wrapper.dir\Debug\translator_test_ref_ptr_library_child_ctocpp.obj
         libcef_dll_wrapper.dir\Debug\translator_test_ref_ptr_library_ctocpp.obj
         libcef_dll_wrapper.dir\Debug\translator_test_scoped_library_child_child_ctocpp.obj
         libcef_dll_wrapper.dir\Debug\translator_test_scoped_library_child_ctocpp.obj
         libcef_dll_wrapper.dir\Debug\translator_test_scoped_library_ctocpp.obj
         libcef_dll_wrapper.dir\Debug\thread_ctocpp.obj
         libcef_dll_wrapper.dir\Debug\urlrequest_ctocpp.obj
         libcef_dll_wrapper.dir\Debug\v8context_ctocpp.obj
         libcef_dll_wrapper.dir\Debug\v8exception_ctocpp.obj
         libcef_dll_wrapper.dir\Debug\v8stack_frame_ctocpp.obj
         libcef_dll_wrapper.dir\Debug\v8stack_trace_ctocpp.obj
         libcef_dll_wrapper.dir\Debug\v8value_ctocpp.obj
         libcef_dll_wrapper.dir\Debug\value_ctocpp.obj
         libcef_dll_wrapper.dir\Debug\box_layout_ctocpp.obj
         libcef_dll_wrapper.dir\Debug\browser_view_ctocpp.obj
         libcef_dll_wrapper.dir\Debug\button_ctocpp.obj
         libcef_dll_wrapper.dir\Debug\display_ctocpp.obj
         libcef_dll_wrapper.dir\Debug\fill_layout_ctocpp.obj
         libcef_dll_wrapper.dir\Debug\label_button_ctocpp.obj
         libcef_dll_wrapper.dir\Debug\layout_ctocpp.obj
         libcef_dll_wrapper.dir\Debug\menu_button_ctocpp.obj
         libcef_dll_wrapper.dir\Debug\panel_ctocpp.obj
         libcef_dll_wrapper.dir\Debug\scroll_view_ctocpp.obj
         libcef_dll_wrapper.dir\Debug\textfield_ctocpp.obj
         libcef_dll_wrapper.dir\Debug\view_ctocpp.obj
         libcef_dll_wrapper.dir\Debug\window_ctocpp.obj
         libcef_dll_wrapper.dir\Debug\waitable_event_ctocpp.obj
         libcef_dll_wrapper.dir\Debug\web_plugin_info_ctocpp.obj
         libcef_dll_wrapper.dir\Debug\x509certificate_ctocpp.obj
         libcef_dll_wrapper.dir\Debug\x509cert_principal_ctocpp.obj
         libcef_dll_wrapper.dir\Debug\xml_reader_ctocpp.obj
         libcef_dll_wrapper.dir\Debug\zip_reader_ctocpp.obj
         libcef_dll_wrapper.dir\Debug\transfer_util.obj
         libcef_dll_wrapper.dir\Debug\cef_byte_read_handler.obj
         libcef_dll_wrapper.dir\Debug\cef_closure_task.obj
         libcef_dll_wrapper.dir\Debug\cef_message_router.obj
         libcef_dll_wrapper.dir\Debug\cef_resource_manager.obj
         libcef_dll_wrapper.dir\Debug\cef_scoped_temp_dir.obj
         libcef_dll_wrapper.dir\Debug\cef_stream_resource_handler.obj
         libcef_dll_wrapper.dir\Debug\cef_xml_object.obj
         libcef_dll_wrapper.dir\Debug\cef_zip_archive.obj
         libcef_dll_wrapper.dir\Debug\libcef_dll_wrapper.obj
         libcef_dll_wrapper.dir\Debug\libcef_dll_wrapper2.obj
     1>cef_string16.obj : warning LNK4221: 此对象文件未定义任何之前未定义的公共符号，因此任何耗用此库的链接操作都不会使用此文件
         libcef_dll_wrapper.vcxproj -> D:\jarvis\cef__\libcef_dll_wrapper\..\Output\Debug\lib\libcef_dll_wrapper.lib
     1>已完成生成项目“D:\jarvis\cef__\libcef_dll_wrapper\libcef_dll_wrapper.vcxproj”(Build 个目标)的操作。

生成成功。

已用时间 00:00:00.76
